<!DOCTYPE html PUBLIC "-//W3C//DTD XHTML 1.1//EN" "https://www.w3.org/TR/xhtml11/DTD/xhtml11.dtd">
<html xmlns="https://www.w3.org/1999/xhtml">
<head>
<meta http-equiv="content-type" content="text/html; charset=UTF-8"/>
<title>TestNG Report</title>
<style type="text/css">table {margin-bottom:10px;border-collapse:collapse;empty-cells:show}th,td {border:1px solid #009;padding:.25em .5em}th {vertical-align:bottom}td {vertical-align:top}table a {font-weight:bold}.stripe td {background-color: #E6EBF9}.num {text-align:right}.passedodd td {background-color: #3F3}.passedeven td {background-color: #0A0}.skippedodd td {background-color: #DDD}.skippedeven td {background-color: #CCC}.failedodd td,.attn {background-color: #F33}.failedeven td,.stripe .attn {background-color: #D00}.stacktrace {white-space:pre;font-family:monospace}.totop {font-size:85%;text-align:center;border-bottom:2px solid #000}.invisible {display:none}</style>
</head>
<body>
<table>
<tr><th>Test</th><th># Passed</th><th># Skipped</th><th># Retried</th><th># Failed</th><th>Time (ms)</th><th>Included Groups</th><th>Excluded Groups</th></tr>
<tr><th colspan="8">Suite</th></tr>
<tr><td><a href="#t0">Validate page Wiki</a></td><td class="num">1</td><td class="num">0</td><td class="num">0</td><td class="num attn">1</td><td class="num">24,839</td><td></td><td></td></tr>
<tr><th colspan="8">Suite 2</th></tr>
<tr class="stripe"><td><a href="#t1">Practice Auto in AT.in</a></td><td class="num">6</td><td class="num">0</td><td class="num">0</td><td class="num attn">1</td><td class="num">32,453</td><td></td><td></td></tr>
<tr><th>Total</th><th class="num">7</th><th class="num">0</th><th class="num">0</th><th class="num attn">2</th><th class="num">57,292</th><th colspan="2"></th></tr>
</table>
<table id='summary'><thead><tr><th>Class</th><th>Method</th><th>Start</th><th>Time (ms)</th></tr></thead><tbody><tr><th colspan="4">Suite</th></tr></tbody><tbody id="t0"><tr><th colspan="4">Validate page Wiki &#8212; failed</th></tr><tr class="failedeven"><td rowspan="1">wikipedia.testsuites.Appointment</td><td><a href="#m0">appointmentSchedule</a></td><td rowspan="1">1702657592350</td><td rowspan="1">6701</td></tr><tr><th colspan="4">Validate page Wiki &#8212; passed</th></tr><tr class="passedeven"><td rowspan="1">wikipedia.testsuites.Appointment</td><td><a href="#m1">testDataProvider</a></td><td rowspan="1">1702657599306</td><td rowspan="1">9906</td></tr></tbody>
<tbody><tr><th colspan="4">Suite 2</th></tr></tbody><tbody id="t1"><tr><th colspan="4">Practice Auto in AT.in &#8212; failed</th></tr><tr class="failedeven"><td rowspan="1">wikipedia.testsuites.PracticeTest</td><td><a href="#m2">add_Product_To_Cart</a></td><td rowspan="1">1702657613694</td><td rowspan="1">335</td></tr><tr><th colspan="4">Practice Auto in AT.in &#8212; passed</th></tr><tr class="passedeven"><td rowspan="6">wikipedia.testsuites.PracticeTest</td><td><a href="#m3">add_Product_To_Cart_Coupon</a></td><td rowspan="1">1702657614031</td><td rowspan="1">5431</td></tr><tr class="passedeven"><td><a href="#m4">filter_Price</a></td><td rowspan="1">1702657619463</td><td rowspan="1">4024</td></tr><tr class="passedeven"><td><a href="#m5">sorting_Products</a></td><td rowspan="1">1702657623487</td><td rowspan="1">4531</td></tr><tr class="passedeven"><td><a href="#m6">sorting_Products_DataProvider</a></td><td rowspan="3">1702657637500</td><td rowspan="3">4473</td></tr><tr class="passedeven"><td><a href="#m7">sorting_Products_DataProvider</a></td></tr><tr class="passedeven"><td><a href="#m8">sorting_Products_DataProvider</a></td></tr></tbody>
</table>
<h2>Validate page Wiki</h2><h3 id="m0">wikipedia.testsuites.Appointment#appointmentSchedule</h3><table class="result"><tr><th>Exception</th></tr><tr><td><div class="stacktrace">org.openqa.selenium.NoSuchElementException: no such element: Unable to locate element: {&quot;method&quot;:&quot;xpath&quot;,&quot;selector&quot;:&quot;//div[@class=&apos;gia-scheduler__shifts&apos;]//following-sibling::button/span/span/strong&quot;}
  (Session info: chrome=120.0.6099.109)
For documentation on this error, please visit: https://www.selenium.dev/documentation/webdriver/troubleshooting/errors#no-such-element-exception
Build info: version: &apos;4.15.0&apos;, revision: &apos;1d14b5521b&apos;
System info: os.name: &apos;Mac OS X&apos;, os.arch: &apos;aarch64&apos;, os.version: &apos;13.5&apos;, java.version: &apos;11.0.20&apos;
Driver info: org.openqa.selenium.chrome.ChromeDriver
Command: [8751be51fd3de4c5f165e5cc7b8897a7, findElement {using=xpath, value=//div[@class=&apos;gia-scheduler__shifts&apos;]//following-sibling::button/span/span/strong}]
Capabilities {acceptInsecureCerts: false, browserName: chrome, browserVersion: 120.0.6099.109, chrome: {chromedriverVersion: 120.0.6099.71 (9729082fe617..., userDataDir: /var/folders/sj/spty4b2s0vn...}, fedcm:accounts: true, goog:chromeOptions: {debuggerAddress: localhost:53906}, networkConnectionEnabled: false, pageLoadStrategy: normal, platformName: mac, proxy: Proxy(), se:cdp: ws://localhost:53906/devtoo..., se:cdpVersion: 120.0.6099.109, setWindowRect: true, strictFileInteractability: false, timeouts: {implicit: 0, pageLoad: 300000, script: 30000}, unhandledPromptBehavior: dismiss and notify, webauthn:extension:credBlob: true, webauthn:extension:largeBlob: true, webauthn:extension:minPinLength: true, webauthn:extension:prf: true, webauthn:virtualAuthenticators: true}
Session ID: 8751be51fd3de4c5f165e5cc7b8897a7
	at org.openqa.selenium.remote.codec.w3c.W3CHttpResponseCodec.createException(W3CHttpResponseCodec.java:200)
	at org.openqa.selenium.remote.codec.w3c.W3CHttpResponseCodec.decode(W3CHttpResponseCodec.java:133)
	at org.openqa.selenium.remote.codec.w3c.W3CHttpResponseCodec.decode(W3CHttpResponseCodec.java:52)
	at org.openqa.selenium.remote.HttpCommandExecutor.execute(HttpCommandExecutor.java:191)
	at org.openqa.selenium.remote.service.DriverCommandExecutor.invokeExecute(DriverCommandExecutor.java:200)
	at org.openqa.selenium.remote.service.DriverCommandExecutor.execute(DriverCommandExecutor.java:175)
	at org.openqa.selenium.remote.RemoteWebDriver.execute(RemoteWebDriver.java:607)
	at org.openqa.selenium.remote.ElementLocation$ElementFinder$2.findElement(ElementLocation.java:165)
	at org.openqa.selenium.remote.ElementLocation.findElement(ElementLocation.java:59)
	at org.openqa.selenium.remote.RemoteWebDriver.findElement(RemoteWebDriver.java:364)
	at org.openqa.selenium.remote.RemoteWebDriver.findElement(RemoteWebDriver.java:358)
	at pages.Lich.chonGioKham(Lich.java:50)
	at wikipedia.testsuites.Appointment.appointmentSchedule(Appointment.java:56)
	at java.base/java.util.ArrayList.forEach(ArrayList.java:1541)
	at java.base/java.util.concurrent.FutureTask.run(FutureTask.java:264)
	at java.base/java.util.concurrent.ThreadPoolExecutor.runWorker(ThreadPoolExecutor.java:1128)
	at java.base/java.util.concurrent.ThreadPoolExecutor$Worker.run(ThreadPoolExecutor.java:628)
	at java.base/java.lang.Thread.run(Thread.java:834)
... Removed 21 stack frames</div></td></tr></table><p class="totop"><a href="#summary">back to summary</a></p>
<h3 id="m1">wikipedia.testsuites.Appointment#testDataProvider</h3><table class="result"><tr class="param"><th>Parameter #1</th><th>Parameter #2</th></tr><tr class="param stripe"><td>Chuyên khoa Nhi</td><td>PGS.TS.BS. Nguyễn Thị Yến</td></tr></table><p class="totop"><a href="#summary">back to summary</a></p>
<h2>Practice Auto in AT.in</h2><h3 id="m2">wikipedia.testsuites.PracticeTest#add_Product_To_Cart</h3><table class="result"><tr><th>Exception</th></tr><tr><td><div class="stacktrace">org.openqa.selenium.NoSuchElementException: no such element: Unable to locate element: {&quot;method&quot;:&quot;xpath&quot;,&quot;selector&quot;:&quot;//button[@type=&quot;submit&quot;]&quot;}
  (Session info: chrome=120.0.6099.109)
For documentation on this error, please visit: https://www.selenium.dev/documentation/webdriver/troubleshooting/errors#no-such-element-exception
Build info: version: &apos;4.15.0&apos;, revision: &apos;1d14b5521b&apos;
System info: os.name: &apos;Mac OS X&apos;, os.arch: &apos;aarch64&apos;, os.version: &apos;13.5&apos;, java.version: &apos;11.0.20&apos;
Driver info: org.openqa.selenium.chrome.ChromeDriver
Command: [6d15f329325a52be629170ef37d7bc18, findElement {using=xpath, value=//button[@type=&quot;submit&quot;]}]
Capabilities {acceptInsecureCerts: false, browserName: chrome, browserVersion: 120.0.6099.109, chrome: {chromedriverVersion: 120.0.6099.71 (9729082fe617..., userDataDir: /var/folders/sj/spty4b2s0vn...}, fedcm:accounts: true, goog:chromeOptions: {debuggerAddress: localhost:54096}, networkConnectionEnabled: false, pageLoadStrategy: normal, platformName: mac, proxy: Proxy(), se:cdp: ws://localhost:54096/devtoo..., se:cdpVersion: 120.0.6099.109, setWindowRect: true, strictFileInteractability: false, timeouts: {implicit: 0, pageLoad: 300000, script: 30000}, unhandledPromptBehavior: dismiss and notify, webauthn:extension:credBlob: true, webauthn:extension:largeBlob: true, webauthn:extension:minPinLength: true, webauthn:extension:prf: true, webauthn:virtualAuthenticators: true}
Session ID: 6d15f329325a52be629170ef37d7bc18
	at org.openqa.selenium.remote.codec.w3c.W3CHttpResponseCodec.createException(W3CHttpResponseCodec.java:200)
	at org.openqa.selenium.remote.codec.w3c.W3CHttpResponseCodec.decode(W3CHttpResponseCodec.java:133)
	at org.openqa.selenium.remote.codec.w3c.W3CHttpResponseCodec.decode(W3CHttpResponseCodec.java:52)
	at org.openqa.selenium.remote.HttpCommandExecutor.execute(HttpCommandExecutor.java:191)
	at org.openqa.selenium.remote.service.DriverCommandExecutor.invokeExecute(DriverCommandExecutor.java:200)
	at org.openqa.selenium.remote.service.DriverCommandExecutor.execute(DriverCommandExecutor.java:175)
	at org.openqa.selenium.remote.RemoteWebDriver.execute(RemoteWebDriver.java:607)
	at org.openqa.selenium.remote.ElementLocation$ElementFinder$2.findElement(ElementLocation.java:165)
	at org.openqa.selenium.remote.ElementLocation.findElement(ElementLocation.java:59)
	at org.openqa.selenium.remote.RemoteWebDriver.findElement(RemoteWebDriver.java:364)
	at org.openqa.selenium.remote.RemoteWebDriver.findElement(RemoteWebDriver.java:358)
	at pages.Product_Practice.get_Add_To_Card(Product_Practice.java:18)
	at wikipedia.testsuites.PracticeTest.add_Product_To_Cart(PracticeTest.java:31)
	at java.base/java.util.ArrayList.forEach(ArrayList.java:1541)
	at java.base/java.util.concurrent.FutureTask.run(FutureTask.java:264)
	at java.base/java.util.concurrent.ThreadPoolExecutor.runWorker(ThreadPoolExecutor.java:1128)
	at java.base/java.util.concurrent.ThreadPoolExecutor$Worker.run(ThreadPoolExecutor.java:628)
	at java.base/java.lang.Thread.run(Thread.java:834)
... Removed 21 stack frames</div></td></tr></table><p class="totop"><a href="#summary">back to summary</a></p>
<h3 id="m3">wikipedia.testsuites.PracticeTest#add_Product_To_Cart_Coupon</h3><table class="result"><tr><th class="invisible"/></tr></table><p class="totop"><a href="#summary">back to summary</a></p>
<h3 id="m4">wikipedia.testsuites.PracticeTest#filter_Price</h3><table class="result"><tr><th class="invisible"/></tr></table><p class="totop"><a href="#summary">back to summary</a></p>
<h3 id="m5">wikipedia.testsuites.PracticeTest#sorting_Products</h3><table class="result"><tr><th class="invisible"/></tr></table><p class="totop"><a href="#summary">back to summary</a></p>
<h3 id="m6">wikipedia.testsuites.PracticeTest#sorting_Products_DataProvider</h3><table class="result"><tr class="param"><th>Parameter #1</th></tr><tr class="param stripe"><td>price-desc</td></tr></table><p class="totop"><a href="#summary">back to summary</a></p>
<h3 id="m7">wikipedia.testsuites.PracticeTest#sorting_Products_DataProvider</h3><table class="result"><tr class="param"><th>Parameter #1</th></tr><tr class="param stripe"><td>popularity</td></tr></table><p class="totop"><a href="#summary">back to summary</a></p>
<h3 id="m8">wikipedia.testsuites.PracticeTest#sorting_Products_DataProvider</h3><table class="result"><tr class="param"><th>Parameter #1</th></tr><tr class="param stripe"><td>rating</td></tr></table><p class="totop"><a href="#summary">back to summary</a></p>
</body>
</html>
